2014/12/22 03:14:52 [/test_eccube/html/install/index.php] [execute end 54978c7005ef0#1]
SQL: SET SESSION storage_engine = InnoDB
PlaceHolder: array (
)
execution time: 60.51 sec
 from 127.0.0.1
2014/12/22 03:16:22 [/test_eccube/html/index.php] [execute end 54978d043b1cc#1]
SQL: SET SESSION storage_engine = InnoDB
PlaceHolder: array (
)
execution time: 2.55 sec
 from 127.0.0.1
2014/12/22 03:16:25 [/test_eccube/html/index.php] [execute end 54978d06d440b#1]
SQL: SET SESSION storage_engine = InnoDB
PlaceHolder: array (
)
execution time: 2.55 sec
 from 127.0.0.1
2014/12/22 03:16:27 [/test_eccube/html/index.php] [execute end 54978d043b1cc#2]
SQL: SET SESSION storage_engine = InnoDB
PlaceHolder: array (
)
execution time: 2.55 sec
 from 127.0.0.1
2014/12/22 03:16:30 [/test_eccube/html/index.php] [execute end 54978d06d440b#2]
SQL: SET SESSION storage_engine = InnoDB
PlaceHolder: array (
)
execution time: 2.55 sec
 from 127.0.0.1
2014/12/22 03:16:33 [/test_eccube/html/index.php] [execute end 54978d043b1cc#3]
SQL: SET SESSION storage_engine = InnoDB
PlaceHolder: array (
)
execution time: 2.56 sec
 from 127.0.0.1
2014/12/22 03:16:35 [/test_eccube/html/index.php] [execute end 54978d06d440b#3]
SQL: SET SESSION storage_engine = InnoDB
PlaceHolder: array (
)
execution time: 2.56 sec
 from 127.0.0.1
2014/12/22 03:16:35 [/test_eccube/html/index.php] [execute end 54978d11491a6#1]
SQL: SET SESSION storage_engine = InnoDB
PlaceHolder: array (
)
execution time: 2.55 sec
 from 127.0.0.1
2014/12/22 03:16:38 [/test_eccube/html/index.php] [execute end 54978d043b1cc#4]
SQL: SET SESSION storage_engine = InnoDB
PlaceHolder: array (
)
execution time: 2.55 sec
 from 127.0.0.1
2014/12/22 03:16:40 [/test_eccube/html/index.php] [execute end 54978d06d440b#4]
SQL: SET SESSION storage_engine = InnoDB
PlaceHolder: array (
)
execution time: 2.55 sec
 from 127.0.0.1
2014/12/22 03:16:40 [/test_eccube/html/index.php] [execute end 54978d11491a6#2]
SQL: SET SESSION storage_engine = InnoDB
PlaceHolder: array (
)
execution time: 2.56 sec
 from 127.0.0.1
2014/12/22 03:16:41 [/test_eccube/html/index.php] [execute end 54978d16b6dae#1]
SQL: SET SESSION storage_engine = InnoDB
PlaceHolder: array (
)
execution time: 2.55 sec
 from 127.0.0.1
2014/12/22 03:16:43 [/test_eccube/html/index.php] [execute end 54978d043b1cc#5]
SQL: SET SESSION storage_engine = InnoDB
PlaceHolder: array (
)
execution time: 2.55 sec
 from 127.0.0.1
2014/12/22 03:16:45 [/test_eccube/html/index.php] [execute end 54978d06d440b#5]
SQL: SET SESSION storage_engine = InnoDB
PlaceHolder: array (
)
execution time: 2.55 sec
 from 127.0.0.1
2014/12/22 03:16:46 [/test_eccube/html/index.php] [execute end 54978d11491a6#3]
SQL: SET SESSION storage_engine = InnoDB
PlaceHolder: array (
)
execution time: 2.55 sec
 from 127.0.0.1
2014/12/22 03:16:46 [/test_eccube/html/index.php] [execute end 54978d16b6dae#2]
SQL: SET SESSION storage_engine = InnoDB
PlaceHolder: array (
)
execution time: 2.55 sec
 from 127.0.0.1
2014/12/22 03:16:48 [/test_eccube/html/index.php] [execute end 54978d043b1cc#6]
SQL: SET SESSION storage_engine = InnoDB
PlaceHolder: array (
)
execution time: 2.55 sec
 from 127.0.0.1
2014/12/22 03:16:50 [/test_eccube/html/index.php] [execute end 54978d06d440b#6]
SQL: SET SESSION storage_engine = InnoDB
PlaceHolder: array (
)
execution time: 2.55 sec
 from 127.0.0.1
2014/12/22 03:16:51 [/test_eccube/html/index.php] [execute end 54978d11491a6#4]
SQL: SET SESSION storage_engine = InnoDB
PlaceHolder: array (
)
execution time: 2.55 sec
 from 127.0.0.1
2014/12/22 03:16:51 [/test_eccube/html/index.php] [execute end 54978d16b6dae#3]
SQL: SET SESSION storage_engine = InnoDB
PlaceHolder: array (
)
execution time: 2.55 sec
 from 127.0.0.1
2014/12/22 03:16:56 [/test_eccube/html/index.php] [execute end 54978d11491a6#5]
SQL: SET SESSION storage_engine = InnoDB
PlaceHolder: array (
)
execution time: 2.55 sec
 from 127.0.0.1
2014/12/22 03:16:56 [/test_eccube/html/index.php] [execute end 54978d16b6dae#4]
SQL: SET SESSION storage_engine = InnoDB
PlaceHolder: array (
)
execution time: 2.55 sec
 from 127.0.0.1
2014/12/22 03:16:58 [/test_eccube/html/index.php] [execute end 54978d043b1cc#8]
SQL: SET SESSION storage_engine = InnoDB
PlaceHolder: array (
)
execution time: 2.55 sec
 from 127.0.0.1
2014/12/22 03:17:01 [/test_eccube/html/index.php] [execute end 54978d06d440b#8]
SQL: SET SESSION storage_engine = InnoDB
PlaceHolder: array (
)
execution time: 2.55 sec
 from 127.0.0.1
2014/12/22 03:17:01 [/test_eccube/html/index.php] [execute end 54978d11491a6#6]
SQL: SET SESSION storage_engine = InnoDB
PlaceHolder: array (
)
execution time: 2.55 sec
 from 127.0.0.1
2014/12/22 03:17:01 [/test_eccube/html/index.php] [execute end 54978d16b6dae#5]
SQL: SET SESSION storage_engine = InnoDB
PlaceHolder: array (
)
execution time: 2.55 sec
 from 127.0.0.1
2014/12/22 03:17:03 [/test_eccube/html/index.php] [execute end 54978d2cd3f5a#1]
SQL: SET SESSION storage_engine = InnoDB
PlaceHolder: array (
)
execution time: 2.56 sec
 from 127.0.0.1
2014/12/22 03:17:03 [/test_eccube/html/index.php] [execute end 54978d043b1cc#9]
SQL: SET SESSION storage_engine = InnoDB
PlaceHolder: array (
)
execution time: 2.56 sec
 from 127.0.0.1
2014/12/22 03:17:06 [/test_eccube/html/index.php] [execute end 54978d06d440b#9]
SQL: SET SESSION storage_engine = InnoDB
PlaceHolder: array (
)
execution time: 2.57 sec
 from 127.0.0.1
2014/12/22 03:17:06 [/test_eccube/html/index.php] [execute end 54978d16b6dae#6]
SQL: SET SESSION storage_engine = InnoDB
PlaceHolder: array (
)
execution time: 2.55 sec
 from 127.0.0.1
2014/12/22 03:17:08 [/test_eccube/html/index.php] [execute end 54978d2cd3f5a#2]
SQL: SET SESSION storage_engine = InnoDB
PlaceHolder: array (
)
execution time: 2.55 sec
 from 127.0.0.1
2014/12/22 03:17:08 [/test_eccube/html/index.php] [execute end 54978d043b1cc#10]
SQL: SET SESSION storage_engine = InnoDB
PlaceHolder: array (
)
execution time: 2.55 sec
 from 127.0.0.1
2014/12/22 03:17:11 [/test_eccube/html/index.php] [execute end 54978d06d440b#10]
SQL: SET SESSION storage_engine = InnoDB
PlaceHolder: array (
)
execution time: 2.55 sec
 from 127.0.0.1
2014/12/22 03:17:11 [/test_eccube/html/index.php] [execute end 54978d11491a6#8]
SQL: SET SESSION storage_engine = InnoDB
PlaceHolder: array (
)
execution time: 2.55 sec
 from 127.0.0.1
2014/12/22 03:17:13 [/test_eccube/html/index.php] [execute end 54978d37052d1#1]
SQL: SET SESSION storage_engine = InnoDB
PlaceHolder: array (
)
execution time: 2.55 sec
 from 127.0.0.1
2014/12/22 03:17:13 [/test_eccube/html/index.php] [execute end 54978d2cd3f5a#3]
SQL: SET SESSION storage_engine = InnoDB
PlaceHolder: array (
)
execution time: 2.55 sec
 from 127.0.0.1
2014/12/22 03:17:13 [/test_eccube/html/index.php] [execute end 54978d043b1cc#11]
SQL: SET SESSION storage_engine = InnoDB
PlaceHolder: array (
)
execution time: 2.55 sec
 from 127.0.0.1
2014/12/22 03:17:16 [/test_eccube/html/index.php] [execute end 54978d06d440b#11]
SQL: SET SESSION storage_engine = InnoDB
PlaceHolder: array (
)
execution time: 2.55 sec
 from 127.0.0.1
2014/12/22 03:17:16 [/test_eccube/html/index.php] [execute end 54978d11491a6#9]
SQL: SET SESSION storage_engine = InnoDB
PlaceHolder: array (
)
execution time: 2.55 sec
 from 127.0.0.1
2014/12/22 03:17:17 [/test_eccube/html/index.php] [execute end 54978d16b6dae#8]
SQL: SET SESSION storage_engine = InnoDB
PlaceHolder: array (
)
execution time: 2.55 sec
 from 127.0.0.1
2014/12/22 03:17:18 [/test_eccube/html/index.php] [execute end 54978d37052d1#2]
SQL: SET SESSION storage_engine = InnoDB
PlaceHolder: array (
)
execution time: 2.55 sec
 from 127.0.0.1
2014/12/22 03:17:18 [/test_eccube/html/index.php] [execute end 54978d2cd3f5a#4]
SQL: SET SESSION storage_engine = InnoDB
PlaceHolder: array (
)
execution time: 2.55 sec
 from 127.0.0.1
2014/12/22 03:17:19 [/test_eccube/html/index.php] [execute end 54978d043b1cc#12]
SQL: SET SESSION storage_engine = InnoDB
PlaceHolder: array (
)
execution time: 2.55 sec
 from 127.0.0.1
2014/12/22 03:17:21 [/test_eccube/html/index.php] [execute end 54978d06d440b#12]
SQL: SET SESSION storage_engine = InnoDB
PlaceHolder: array (
)
execution time: 2.56 sec
 from 127.0.0.1
2014/12/22 03:17:21 [/test_eccube/html/index.php] [execute end 54978d11491a6#10]
SQL: SET SESSION storage_engine = InnoDB
PlaceHolder: array (
)
execution time: 2.55 sec
 from 127.0.0.1
2014/12/22 03:17:22 [/test_eccube/html/index.php] [execute end 54978d16b6dae#9]
SQL: SET SESSION storage_engine = InnoDB
PlaceHolder: array (
)
execution time: 2.55 sec
 from 127.0.0.1
2014/12/22 03:17:23 [/test_eccube/html/index.php] [execute end 54978d37052d1#3]
SQL: SET SESSION storage_engine = InnoDB
PlaceHolder: array (
)
execution time: 2.55 sec
 from 127.0.0.1
2014/12/22 03:17:23 [/test_eccube/html/index.php] [execute end 54978d2cd3f5a#5]
SQL: SET SESSION storage_engine = InnoDB
PlaceHolder: array (
)
execution time: 2.55 sec
 from 127.0.0.1
2014/12/22 03:17:24 [/test_eccube/html/index.php] [execute end 54978d043b1cc#13]
SQL: SET SESSION storage_engine = InnoDB
PlaceHolder: array (
)
execution time: 2.55 sec
 from 127.0.0.1
2014/12/22 03:17:26 [/test_eccube/html/index.php] [execute end 54978d06d440b#13]
SQL: SET SESSION storage_engine = InnoDB
PlaceHolder: array (
)
execution time: 2.56 sec
 from 127.0.0.1
2014/12/22 03:17:27 [/test_eccube/html/index.php] [execute end 54978d11491a6#11]
SQL: SET SESSION storage_engine = InnoDB
PlaceHolder: array (
)
execution time: 2.55 sec
 from 127.0.0.1
2014/12/22 03:17:27 [/test_eccube/html/index.php] [execute end 54978d16b6dae#10]
SQL: SET SESSION storage_engine = InnoDB
PlaceHolder: array (
)
execution time: 2.55 sec
 from 127.0.0.1
2014/12/22 03:17:28 [/test_eccube/html/index.php] [execute end 54978d37052d1#4]
SQL: SET SESSION storage_engine = InnoDB
PlaceHolder: array (
)
execution time: 2.56 sec
 from 127.0.0.1
2014/12/22 03:17:28 [/test_eccube/html/index.php] [execute end 54978d2cd3f5a#6]
SQL: SET SESSION storage_engine = InnoDB
PlaceHolder: array (
)
execution time: 2.56 sec
 from 127.0.0.1
2014/12/22 03:17:29 [/test_eccube/html/index.php] [execute end 54978d043b1cc#14]
SQL: SET SESSION storage_engine = InnoDB
PlaceHolder: array (
)
execution time: 2.56 sec
 from 127.0.0.1
2014/12/22 03:17:31 [/test_eccube/html/index.php] [execute end 54978d06d440b#14]
SQL: SET SESSION storage_engine = InnoDB
PlaceHolder: array (
)
execution time: 2.55 sec
 from 127.0.0.1
2014/12/22 03:17:32 [/test_eccube/html/index.php] [execute end 54978d11491a6#12]
SQL: SET SESSION storage_engine = InnoDB
PlaceHolder: array (
)
execution time: 2.55 sec
 from 127.0.0.1
2014/12/22 03:17:32 [/test_eccube/html/index.php] [execute end 54978d16b6dae#11]
SQL: SET SESSION storage_engine = InnoDB
PlaceHolder: array (
)
execution time: 2.57 sec
 from 127.0.0.1
2014/12/22 03:17:34 [/test_eccube/html/index.php] [execute end 54978d37052d1#5]
SQL: SET SESSION storage_engine = InnoDB
PlaceHolder: array (
)
execution time: 2.56 sec
 from 127.0.0.1
2014/12/22 03:17:34 [/test_eccube/html/index.php] [execute end 54978d043b1cc#15]
SQL: SET SESSION storage_engine = InnoDB
PlaceHolder: array (
)
execution time: 2.55 sec
 from 127.0.0.1
2014/12/22 03:17:37 [/test_eccube/html/index.php] [execute end 54978d06d440b#15]
SQL: SET SESSION storage_engine = InnoDB
PlaceHolder: array (
)
execution time: 2.55 sec
 from 127.0.0.1
2014/12/22 03:17:37 [/test_eccube/html/index.php] [execute end 54978d11491a6#13]
SQL: SET SESSION storage_engine = InnoDB
PlaceHolder: array (
)
execution time: 2.55 sec
 from 127.0.0.1
2014/12/22 03:17:37 [/test_eccube/html/index.php] [execute end 54978d16b6dae#12]
SQL: SET SESSION storage_engine = InnoDB
PlaceHolder: array (
)
execution time: 2.55 sec
 from 127.0.0.1
2014/12/22 03:17:39 [/test_eccube/html/index.php] [execute end 54978d37052d1#6]
SQL: SET SESSION storage_engine = InnoDB
PlaceHolder: array (
)
execution time: 2.55 sec
 from 127.0.0.1
2014/12/22 03:17:39 [/test_eccube/html/index.php] [execute end 54978d2cd3f5a#8]
SQL: SET SESSION storage_engine = InnoDB
PlaceHolder: array (
)
execution time: 2.55 sec
 from 127.0.0.1
2014/12/22 03:17:39 [/test_eccube/html/index.php] [execute end 54978d043b1cc#16]
SQL: SET SESSION storage_engine = InnoDB
PlaceHolder: array (
)
execution time: 2.55 sec
 from 127.0.0.1
2014/12/22 03:17:42 [/test_eccube/html/index.php] [execute end 54978d06d440b#16]
SQL: SET SESSION storage_engine = InnoDB
PlaceHolder: array (
)
execution time: 2.55 sec
 from 127.0.0.1
2014/12/22 03:17:42 [/test_eccube/html/index.php] [execute end 54978d11491a6#14]
SQL: SET SESSION storage_engine = InnoDB
PlaceHolder: array (
)
execution time: 2.55 sec
 from 127.0.0.1
2014/12/22 03:17:42 [/test_eccube/html/index.php] [execute end 54978d16b6dae#13]
SQL: SET SESSION storage_engine = InnoDB
PlaceHolder: array (
)
execution time: 2.55 sec
 from 127.0.0.1
2014/12/22 03:17:44 [/test_eccube/html/index.php] [execute end 54978d2cd3f5a#9]
SQL: SET SESSION storage_engine = InnoDB
PlaceHolder: array (
)
execution time: 2.55 sec
 from 127.0.0.1
2014/12/22 03:17:44 [/test_eccube/html/index.php] [execute end 54978d043b1cc#17]
SQL: SET SESSION storage_engine = InnoDB
PlaceHolder: array (
)
execution time: 2.55 sec
 from 127.0.0.1
2014/12/22 03:17:47 [/test_eccube/html/index.php] [execute end 54978d06d440b#17]
SQL: SET SESSION storage_engine = InnoDB
PlaceHolder: array (
)
execution time: 2.55 sec
 from 127.0.0.1
2014/12/22 03:17:47 [/test_eccube/html/index.php] [execute end 54978d11491a6#15]
SQL: SET SESSION storage_engine = InnoDB
PlaceHolder: array (
)
execution time: 2.55 sec
 from 127.0.0.1
2014/12/22 03:17:47 [/test_eccube/html/index.php] [execute end 54978d16b6dae#14]
SQL: SET SESSION storage_engine = InnoDB
PlaceHolder: array (
)
execution time: 2.55 sec
 from 127.0.0.1
2014/12/22 03:17:49 [/test_eccube/html/index.php] [execute end 54978d37052d1#8]
SQL: SET SESSION storage_engine = InnoDB
PlaceHolder: array (
)
execution time: 2.55 sec
 from 127.0.0.1
2014/12/22 03:17:49 [/test_eccube/html/index.php] [execute end 54978d2cd3f5a#10]
SQL: SET SESSION storage_engine = InnoDB
PlaceHolder: array (
)
execution time: 2.55 sec
 from 127.0.0.1
2014/12/22 03:17:49 [/test_eccube/html/index.php] [execute end 54978d043b1cc#18]
SQL: SET SESSION storage_engine = InnoDB
PlaceHolder: array (
)
execution time: 2.55 sec
 from 127.0.0.1
2014/12/22 03:17:52 [/test_eccube/html/index.php] [execute end 54978d06d440b#18]
SQL: SET SESSION storage_engine = InnoDB
PlaceHolder: array (
)
execution time: 2.55 sec
 from 127.0.0.1
2014/12/22 03:17:52 [/test_eccube/html/index.php] [execute end 54978d11491a6#16]
SQL: SET SESSION storage_engine = InnoDB
PlaceHolder: array (
)
execution time: 2.55 sec
 from 127.0.0.1
2014/12/22 03:17:52 [/test_eccube/html/index.php] [execute end 54978d16b6dae#15]
SQL: SET SESSION storage_engine = InnoDB
PlaceHolder: array (
)
execution time: 2.55 sec
 from 127.0.0.1
2014/12/22 03:17:54 [/test_eccube/html/index.php] [execute end 54978d37052d1#9]
SQL: SET SESSION storage_engine = InnoDB
PlaceHolder: array (
)
execution time: 2.55 sec
 from 127.0.0.1
2014/12/22 03:17:54 [/test_eccube/html/index.php] [execute end 54978d2cd3f5a#11]
SQL: SET SESSION storage_engine = InnoDB
PlaceHolder: array (
)
execution time: 2.55 sec
 from 127.0.0.1
2014/12/22 03:17:54 [/test_eccube/html/index.php] [execute end 54978d043b1cc#19]
SQL: SET SESSION storage_engine = InnoDB
PlaceHolder: array (
)
execution time: 2.55 sec
 from 127.0.0.1
2014/12/22 03:17:57 [/test_eccube/html/index.php] [execute end 54978d06d440b#19]
SQL: SET SESSION storage_engine = InnoDB
PlaceHolder: array (
)
execution time: 2.55 sec
 from 127.0.0.1
2014/12/22 03:17:57 [/test_eccube/html/index.php] [execute end 54978d11491a6#17]
SQL: SET SESSION storage_engine = InnoDB
PlaceHolder: array (
)
execution time: 2.55 sec
 from 127.0.0.1
2014/12/22 03:17:58 [/test_eccube/html/index.php] [execute end 54978d16b6dae#16]
SQL: SET SESSION storage_engine = InnoDB
PlaceHolder: array (
)
execution time: 2.55 sec
 from 127.0.0.1
2014/12/22 03:17:59 [/test_eccube/html/index.php] [execute end 54978d37052d1#10]
SQL: SET SESSION storage_engine = InnoDB
PlaceHolder: array (
)
execution time: 2.55 sec
 from 127.0.0.1
2014/12/22 03:17:59 [/test_eccube/html/index.php] [execute end 54978d2cd3f5a#12]
SQL: SET SESSION storage_engine = InnoDB
PlaceHolder: array (
)
execution time: 2.55 sec
 from 127.0.0.1
2014/12/22 03:17:59 [/test_eccube/html/index.php] [execute end 54978d043b1cc#20]
SQL: SET SESSION storage_engine = InnoDB
PlaceHolder: array (
)
execution time: 2.56 sec
 from 127.0.0.1
2014/12/22 03:18:02 [/test_eccube/html/index.php] [execute end 54978d06d440b#20]
SQL: SET SESSION storage_engine = InnoDB
PlaceHolder: array (
)
execution time: 2.55 sec
 from 127.0.0.1
2014/12/22 03:18:02 [/test_eccube/html/index.php] [execute end 54978d11491a6#18]
SQL: SET SESSION storage_engine = InnoDB
PlaceHolder: array (
)
execution time: 2.55 sec
 from 127.0.0.1
2014/12/22 03:18:03 [/test_eccube/html/index.php] [execute end 54978d16b6dae#17]
SQL: SET SESSION storage_engine = InnoDB
PlaceHolder: array (
)
execution time: 2.55 sec
 from 127.0.0.1
2014/12/22 03:18:04 [/test_eccube/html/index.php] [execute end 54978d37052d1#11]
SQL: SET SESSION storage_engine = InnoDB
PlaceHolder: array (
)
execution time: 2.55 sec
 from 127.0.0.1
2014/12/22 03:18:04 [/test_eccube/html/index.php] [execute end 54978d2cd3f5a#13]
SQL: SET SESSION storage_engine = InnoDB
PlaceHolder: array (
)
execution time: 2.55 sec
 from 127.0.0.1
2014/12/22 03:18:05 [/test_eccube/html/index.php] [execute end 54978d043b1cc#21]
SQL: SET SESSION storage_engine = InnoDB
PlaceHolder: array (
)
execution time: 2.55 sec
 from 127.0.0.1
2014/12/22 03:18:07 [/test_eccube/html/index.php] [execute end 54978d06d440b#21]
SQL: SET SESSION storage_engine = InnoDB
PlaceHolder: array (
)
execution time: 2.55 sec
 from 127.0.0.1
2014/12/22 03:18:07 [/test_eccube/html/index.php] [execute end 54978d11491a6#19]
SQL: SET SESSION storage_engine = InnoDB
PlaceHolder: array (
)
execution time: 2.56 sec
 from 127.0.0.1
2014/12/22 03:18:08 [/test_eccube/html/index.php] [execute end 54978d16b6dae#18]
SQL: SET SESSION storage_engine = InnoDB
PlaceHolder: array (
)
execution time: 2.55 sec
 from 127.0.0.1
2014/12/22 03:18:09 [/test_eccube/html/index.php] [execute end 54978d37052d1#12]
SQL: SET SESSION storage_engine = InnoDB
PlaceHolder: array (
)
execution time: 2.55 sec
 from 127.0.0.1
2014/12/22 03:18:09 [/test_eccube/html/index.php] [execute end 54978d2cd3f5a#14]
SQL: SET SESSION storage_engine = InnoDB
PlaceHolder: array (
)
execution time: 2.55 sec
 from 127.0.0.1
2014/12/22 03:18:10 [/test_eccube/html/index.php] [execute end 54978d043b1cc#22]
SQL: SET SESSION storage_engine = InnoDB
PlaceHolder: array (
)
execution time: 2.55 sec
 from 127.0.0.1
2014/12/22 03:18:12 [/test_eccube/html/index.php] [execute end 54978d06d440b#22]
SQL: SET SESSION storage_engine = InnoDB
PlaceHolder: array (
)
execution time: 2.56 sec
 from 127.0.0.1
2014/12/22 03:18:12 [/test_eccube/html/index.php] [execute end 54978d11491a6#20]
SQL: SET SESSION storage_engine = InnoDB
PlaceHolder: array (
)
execution time: 2.55 sec
 from 127.0.0.1
2014/12/22 03:18:13 [/test_eccube/html/index.php] [execute end 54978d16b6dae#19]
SQL: SET SESSION storage_engine = InnoDB
PlaceHolder: array (
)
execution time: 2.55 sec
 from 127.0.0.1
2014/12/22 03:18:14 [/test_eccube/html/index.php] [execute end 54978d37052d1#13]
SQL: SET SESSION storage_engine = InnoDB
PlaceHolder: array (
)
execution time: 2.55 sec
 from 127.0.0.1
2014/12/22 03:18:15 [/test_eccube/html/index.php] [execute end 54978d2cd3f5a#15]
SQL: SET SESSION storage_engine = InnoDB
PlaceHolder: array (
)
execution time: 2.55 sec
 from 127.0.0.1
2014/12/22 03:18:15 [/test_eccube/html/index.php] [execute end 54978d043b1cc#23]
SQL: SET SESSION storage_engine = InnoDB
PlaceHolder: array (
)
execution time: 2.56 sec
 from 127.0.0.1
2014/12/22 03:18:17 [/test_eccube/html/index.php] [execute end 54978d06d440b#23]
SQL: SET SESSION storage_engine = InnoDB
PlaceHolder: array (
)
execution time: 2.55 sec
 from 127.0.0.1
2014/12/22 03:18:18 [/test_eccube/html/index.php] [execute end 54978d11491a6#21]
SQL: SET SESSION storage_engine = InnoDB
PlaceHolder: array (
)
execution time: 2.55 sec
 from 127.0.0.1
2014/12/22 03:18:18 [/test_eccube/html/index.php] [execute end 54978d16b6dae#20]
SQL: SET SESSION storage_engine = InnoDB
PlaceHolder: array (
)
execution time: 2.55 sec
 from 127.0.0.1
2014/12/22 03:18:20 [/test_eccube/html/index.php] [execute end 54978d37052d1#14]
SQL: SET SESSION storage_engine = InnoDB
PlaceHolder: array (
)
execution time: 2.55 sec
 from 127.0.0.1
2014/12/22 03:18:20 [/test_eccube/html/index.php] [execute end 54978d2cd3f5a#16]
SQL: SET SESSION storage_engine = InnoDB
PlaceHolder: array (
)
execution time: 2.55 sec
 from 127.0.0.1
2014/12/22 03:18:23 [/test_eccube/html/index.php] [execute end 54978d11491a6#22]
SQL: SET SESSION storage_engine = InnoDB
PlaceHolder: array (
)
execution time: 2.56 sec
 from 127.0.0.1
2014/12/22 03:18:23 [/test_eccube/html/index.php] [execute end 54978d16b6dae#21]
SQL: SET SESSION storage_engine = InnoDB
PlaceHolder: array (
)
execution time: 2.56 sec
 from 127.0.0.1
2014/12/22 03:18:25 [/test_eccube/html/index.php] [execute end 54978d37052d1#15]
SQL: SET SESSION storage_engine = InnoDB
PlaceHolder: array (
)
execution time: 2.55 sec
 from 127.0.0.1
2014/12/22 03:18:25 [/test_eccube/html/index.php] [execute end 54978d2cd3f5a#17]
SQL: SET SESSION storage_engine = InnoDB
PlaceHolder: array (
)
execution time: 2.55 sec
 from 127.0.0.1
2014/12/22 03:18:28 [/test_eccube/html/index.php] [execute end 54978d11491a6#23]
SQL: SET SESSION storage_engine = InnoDB
PlaceHolder: array (
)
execution time: 2.56 sec
 from 127.0.0.1
2014/12/22 03:18:28 [/test_eccube/html/index.php] [execute end 54978d16b6dae#22]
SQL: SET SESSION storage_engine = InnoDB
PlaceHolder: array (
)
execution time: 2.55 sec
 from 127.0.0.1
2014/12/22 03:18:30 [/test_eccube/html/index.php] [execute end 54978d37052d1#16]
SQL: SET SESSION storage_engine = InnoDB
PlaceHolder: array (
)
execution time: 2.55 sec
 from 127.0.0.1
2014/12/22 03:18:30 [/test_eccube/html/index.php] [execute end 54978d2cd3f5a#18]
SQL: SET SESSION storage_engine = InnoDB
PlaceHolder: array (
)
execution time: 2.55 sec
 from 127.0.0.1
2014/12/22 03:18:33 [/test_eccube/html/index.php] [execute end 54978d16b6dae#23]
SQL: SET SESSION storage_engine = InnoDB
PlaceHolder: array (
)
execution time: 2.56 sec
 from 127.0.0.1
2014/12/22 03:18:35 [/test_eccube/html/index.php] [execute end 54978d37052d1#17]
SQL: SET SESSION storage_engine = InnoDB
PlaceHolder: array (
)
execution time: 2.55 sec
 from 127.0.0.1
2014/12/22 03:18:35 [/test_eccube/html/index.php] [execute end 54978d2cd3f5a#19]
SQL: SET SESSION storage_engine = InnoDB
PlaceHolder: array (
)
execution time: 2.55 sec
 from 127.0.0.1
2014/12/22 03:18:40 [/test_eccube/html/index.php] [execute end 54978d37052d1#18]
SQL: SET SESSION storage_engine = InnoDB
PlaceHolder: array (
)
execution time: 2.55 sec
 from 127.0.0.1
2014/12/22 03:18:40 [/test_eccube/html/index.php] [execute end 54978d2cd3f5a#20]
SQL: SET SESSION storage_engine = InnoDB
PlaceHolder: array (
)
execution time: 2.55 sec
 from 127.0.0.1
2014/12/22 03:18:45 [/test_eccube/html/index.php] [execute end 54978d37052d1#19]
SQL: SET SESSION storage_engine = InnoDB
PlaceHolder: array (
)
execution time: 2.55 sec
 from 127.0.0.1
2014/12/22 03:18:45 [/test_eccube/html/index.php] [execute end 54978d2cd3f5a#21]
SQL: SET SESSION storage_engine = InnoDB
PlaceHolder: array (
)
execution time: 2.55 sec
 from 127.0.0.1
2014/12/22 03:18:50 [/test_eccube/html/index.php] [execute end 54978d37052d1#20]
SQL: SET SESSION storage_engine = InnoDB
PlaceHolder: array (
)
execution time: 2.56 sec
 from 127.0.0.1
2014/12/22 03:18:50 [/test_eccube/html/index.php] [execute end 54978d2cd3f5a#22]
SQL: SET SESSION storage_engine = InnoDB
PlaceHolder: array (
)
execution time: 2.55 sec
 from 127.0.0.1
2014/12/22 03:19:06 [/test_eccube/html/index.php] [execute end 54978da73226b#29]
SQL: SET SESSION storage_engine = InnoDB
PlaceHolder: array (
)
execution time: 3.03 sec
 from 127.0.0.1
